* using log directory ‘/Users/behnam/Desktop/R_Root/ConsensusCluster/package/ConsensusCluster.Rcheck’
* using R version 4.3.1 (2023-06-16)
* using platform: x86_64-apple-darwin20 (64-bit)
* R was compiled by
    Apple clang version 14.0.3 (clang-1403.0.22.14.1)
    GNU Fortran (GCC) 12.2.0
* running under: macOS Ventura 13.6.1
* using session charset: UTF-8
* using options ‘--no-manual --as-cran’
* checking for file ‘ConsensusCluster/DESCRIPTION’ ... OK
* checking extension type ... Package
* this is package ‘ConsensusCluster’ version ‘0.8.0’
* package encoding: UTF-8
* checking package namespace information ... OK
* checking package dependencies ... OK
* checking if this is a source package ... OK
* checking if there is a namespace ... OK
* checking for executable files ... OK
* checking for hidden files and directories ... OK
* checking for portable file names ... OK
* checking for sufficient/correct file permissions ... OK
* checking serialization versions ... OK
* checking whether package ‘ConsensusCluster’ can be installed ... OK
* checking installed package size ... OK
* checking package directory ... OK
* checking for future file timestamps ... OK
* checking DESCRIPTION meta-information ... NOTE
License components which are templates and need '+ file LICENSE':
  MIT
* checking top-level files ... NOTE
File
  LICENSE
is not mentioned in the DESCRIPTION file.
* checking for left-over files ... OK
* checking index information ... OK
* checking package subdirectories ... OK
* checking R files for non-ASCII characters ... OK
* checking R files for syntax errors ... OK
* checking whether the package can be loaded ... OK
* checking whether the package can be loaded with stated dependencies ... OK
* checking whether the package can be unloaded cleanly ... OK
* checking whether the namespace can be loaded with stated dependencies ... OK
* checking whether the namespace can be unloaded cleanly ... OK
* checking dependencies in R code ... NOTE
Namespace in Imports field not imported from: ‘movMF’
  All declared Imports should be used.
* checking S3 generic/method consistency ... OK
* checking replacement functions ... OK
* checking foreign function calls ... OK
* checking R code for possible problems ... NOTE
CC_cluster_count: no visible global function definition for ‘par’
CC_cluster_count: no visible global function definition for ‘dnorm’
CC_cluster_count: no visible global function definition for ‘lm’
CC_cluster_count: no visible global function definition for ‘text’
adj_mat: no visible global function definition for ‘dist’
coCluster_matrix: no visible global function definition for
  ‘txtProgressBar’
consensus_matrix: no visible binding for global variable ‘no.cores’
consensus_matrix: no visible global function definition for
  ‘txtProgressBar’
gaussian_clusters: no visible global function definition for ‘runif’
gaussian_clusters: no visible global function definition for ‘rnorm’
gaussian_mixture_clusters: no visible global function definition for
  ‘runif’
gaussian_mixture_clusters: no visible global function definition for
  ‘rnorm’
hir_clust_from_adj_mat: no visible global function definition for
  ‘as.dist’
hir_clust_from_adj_mat: no visible global function definition for
  ‘hclust’
hir_clust_from_adj_mat: no visible global function definition for
  ‘cutree’
multi_cluster_gen: no visible global function definition for ‘dist’
multi_kmeans_gen: no visible global function definition for ‘dist’
multiview_clusters: no visible global function definition for ‘runif’
multiview_clusters: no visible global function definition for ‘rnorm’
multiview_consensus_matrix: no visible binding for global variable
  ‘no.cores’
multiview_consensus_matrix: no visible global function definition for
  ‘txtProgressBar’
pam_clust_from_adj_mat: no visible global function definition for
  ‘as.dist’
spect_clust_from_adj_mat: no visible global function definition for
  ‘prcomp’
Undefined global functions or variables:
  as.dist cutree dist dnorm hclust lm no.cores par prcomp rnorm runif
  text txtProgressBar
Consider adding
  importFrom("graphics", "par", "text")
  importFrom("stats", "as.dist", "cutree", "dist", "dnorm", "hclust",
             "lm", "prcomp", "rnorm", "runif")
  importFrom("utils", "txtProgressBar")
to your NAMESPACE file.
* checking Rd files ... OK
* checking Rd metadata ... OK
* checking Rd line widths ... OK
* checking Rd cross-references ... OK
* checking for missing documentation entries ... OK
* checking for code/documentation mismatches ... OK
* checking Rd \usage sections ... WARNING
Undocumented arguments in documentation object 'hir_clust_from_adj_mat'
  ‘method’

Documented arguments not in \usage in documentation object 'multiview_consensus_matrix':
  ‘no.cores’

Undocumented arguments in documentation object 'spect_clust_from_adj_mat'
  ‘max.eig’ ‘do.plot’

Functions with \usage entries need to have the appropriate \alias
entries, and all their arguments documented.
The \usage entries must correspond to syntactically valid R code.
See chapter ‘Writing R documentation files’ in the ‘Writing R
Extensions’ manual.
* checking Rd contents ... OK
* checking for unstated dependencies in examples ... ERROR
Warning: parse error in file 'lines':
18: unexpected '['
115: 
116: connectivity_mat([
                      ^
** will not attempt to run examples
* checking examples ... SKIPPED
* checking for non-standard things in the check directory ... OK
* checking for detritus in the temp directory ... OK
* DONE
Status: 1 ERROR, 1 WARNING, 4 NOTEs
